
> dice-dynasty@1.0.0 build
> next build

   Γû▓ Next.js 16.0.7 (Turbopack)
   - Environments: .env

   Creating an optimized production build ...
 Γ£ô Compiled successfully in 3.8s
   Running TypeScript ...
node.exe : Failed to 
compile.
At C:\Users\joshu\AppD
ata\Roaming\npm\npm.ps
1:24 char:5
+     & "node$exe"  "$
basedir/node_modules/n
pm/bin/npm-cli.js" 
$args
+     ~~~~~~~~~~~~~~~~
~~~~~~~~~~~~~~~~~~~~~~
~~~~~~~~~~~~~~~~~~~~~~
~~
    + CategoryInfo    
          : NotSpeci  
  fied: (Failed to    
 compile.:String)     
[], RemoteExcepti    
on
    + FullyQualifiedE 
   rrorId : NativeCo  
  mmandError
 

./src/lib/game/roster.
ts:2:10
Type error: Module 
'"@prisma/client"' 
has no exported 
member 'Position'.

[0m [90m 1 |[39m 
[36mimport[39m { 
prisma } 
[36mfrom[39m [32m"@
/lib/db/client"[39m[
33m;[39m
[31m[1m>[22m[39m[
90m 2 |[39m 
[36mimport[39m { 
[33mPosition[39m } 
[36mfrom[39m [32m"@
prisma/client"[39m[3
3m;[39m
 [90m   |[39m       
   
[31m[1m^[22m[39m
 [90m 3 |[39m
 [90m 4 |[39m 
[36mexport[39m 
[36mconst[39m [33mR
OSTER_LIMITS[39m 
[33m=[39m {
 [90m 5 |[39m     [
33mMIN_PLAYERS[39m[3
3m:[39m [35m10[39m
[33m,[39m[0m
Next.js build worker 
exited with code: 1 
and signal: null
