
> dice-dynasty@1.0.0 build
> next build

   Γû▓ Next.js 16.0.7 (Turbopack)
   - Environments: .env

   Creating an optimized production build ...
 Γ£ô Compiled successfully in 4.4s
   Running TypeScript ...
node.exe : Failed to 
compile.
At C:\Users\joshu\AppD
ata\Roaming\npm\npm.ps
1:24 char:5
+     & "node$exe"  "$
basedir/node_modules/n
pm/bin/npm-cli.js" 
$args
+     ~~~~~~~~~~~~~~~~
~~~~~~~~~~~~~~~~~~~~~~
~~~~~~~~~~~~~~~~~~~~~~
~~
    + CategoryInfo    
          : NotSpeci  
  fied: (Failed to    
 compile.:String)     
[], RemoteExcepti    
on
    + FullyQualifiedE 
   rrorId : NativeCo  
  mmandError
 

./src/app/dashboard/pa
ge.tsx:9:25
Type error: Property 
'id' does not exist 
on type '{ name?: 
string | null | 
undefined; email?: 
string | null | 
undefined; image?: 
string | null | 
undefined; }'.

[0m [90m  7 |[39m  
   [36mconst[39m 
session [33m=[39m 
[36mawait[39m getSer
verSession()[33m;[39
m
 [90m  8 |[39m
[31m[1m>[22m[39m[
90m  9 |[39m     
[36mif[39m ([33m![
39msession[33m?[39m
[33m.[39muser[33m?[
39m[33m.[39mid) {
 [90m    |[39m      
                   
[31m[1m^[22m[39m
 [90m 10 |[39m      
   redirect([32m"/log
in"[39m)[33m;[39m
 [90m 11 |[39m     }
 [90m 12 |[39m[0m
Next.js build worker 
exited with code: 1 
and signal: null
